The system is: Linux - 6.8.0-58-generic - x86_64
Compiling the CXX compiler identification source file "CMakeCXXCompilerId.cpp" succeeded.
Compiler: /opt/rh/gcc-toolset-13/root/usr/bin/g++ 
Build flags: -DQT_QML_DEBUG
Id flags:  

The output was:
0


Compilation of the CXX compiler identification source "CMakeCXXCompilerId.cpp" produced "a.out"

The CXX compiler identification is GNU, found in "/home/blindados/gestion-excursiones/build/Desktop_Qt_6_7_2-Debug/CMakeFiles/3.21.5/CompilerIdCXX/a.out"

Detecting CXX compiler ABI info compiled with the following output:
Change Dir: /home/blindados/gestion-excursiones/build/Desktop_Qt_6_7_2-Debug/CMakeFiles/CMakeTmp

Run Build Command(s):/usr/bin/ninja-build cmTC_4a237 && [1/2] Building CXX object CMakeFiles/cmTC_4a237.dir/CMakeCXXCompilerABI.cpp.o
Using built-in specs.
COLLECT_GCC=/opt/rh/gcc-toolset-13/root/usr/bin/g++
OFFLOAD_TARGET_NAMES=nvptx-none
OFFLOAD_TARGET_DEFAULT=1
Target: x86_64-redhat-linux
Configured with: ../configure --enable-bootstrap --enable-languages=c,c++,fortran,lto --prefix=/opt/rh/gcc-toolset-13/root/usr --mandir=/opt/rh/gcc-toolset-13/root/usr/share/man --infodir=/opt/rh/gcc-toolset-13/root/usr/share/info --with-bugurl=http://bugzilla.redhat.com/bugzilla --enable-shared --enable-threads=posix --enable-checking=release --enable-multilib --with-system-zlib --enable-__cxa_atexit --disable-libunwind-exceptions --enable-gnu-unique-object --enable-linker-build-id --with-gcc-major-version-only --enable-libstdcxx-backtrace --with-libstdcxx-zoneinfo=/usr/share/zoneinfo --with-linker-hash-style=gnu --enable-plugin --enable-initfini-array --without-isl --enable-offload-targets=nvptx-none --without-cuda-driver --enable-offload-defaulted --enable-gnu-indirect-function --enable-cet --with-tune=generic --with-arch_64=x86-64-v2 --with-arch_32=x86-64 --build=x86_64-redhat-linux --with-build-config=bootstrap-lto --enable-link-serialization=1
Thread model: posix
Supported LTO compression algorithms: zlib zstd
gcc version 13.3.1 20240611 (Red Hat 13.3.1-2) (GCC) 
COLLECT_GCC_OPTIONS='-D' 'QT_QML_DEBUG' '-v' '-o' 'CMakeFiles/cmTC_4a237.dir/CMakeCXXCompilerABI.cpp.o' '-c' '-shared-libgcc' '-mtune=generic' '-march=x86-64-v2' '-dumpdir' 'CMakeFiles/cmTC_4a237.dir/'
 /opt/rh/gcc-toolset-13/root/usr/libexec/gcc/x86_64-redhat-linux/13/cc1plus -quiet -v -D_GNU_SOURCE -D QT_QML_DEBUG /opt/devtools/cmake/share/cmake-3.21/Modules/CMakeCXXCompilerABI.cpp -quiet -dumpdir CMakeFiles/cmTC_4a237.dir/ -dumpbase CMakeCXXCompilerABI.cpp.cpp -dumpbase-ext .cpp -mtune=generic -march=x86-64-v2 -version -o /tmp/ccYnUyl3.s
GNU C++17 (GCC) version 13.3.1 20240611 (Red Hat 13.3.1-2) (x86_64-redhat-linux)
	compiled by GNU C version 13.3.1 20240611 (Red Hat 13.3.1-2), GMP version 6.2.0, MPFR version 4.1.0-p9, MPC version 1.2.1, isl version none
GGC heuristics: --param ggc-min-expand=100 --param ggc-min-heapsize=131072
ignoring nonexistent directory "/opt/rh/gcc-toolset-13/root/usr/lib/gcc/x86_64-redhat-linux/13/include-fixed"
ignoring nonexistent directory "/opt/rh/gcc-toolset-13/root/usr/lib/gcc/x86_64-redhat-linux/13/../../../../x86_64-redhat-linux/include"
#include "..." search starts here:
#include <...> search starts here:
 /opt/rh/gcc-toolset-13/root/usr/lib/gcc/x86_64-redhat-linux/13/../../../../include/c++/13
 /opt/rh/gcc-toolset-13/root/usr/lib/gcc/x86_64-redhat-linux/13/../../../../include/c++/13/x86_64-redhat-linux
 /opt/rh/gcc-toolset-13/root/usr/lib/gcc/x86_64-redhat-linux/13/../../../../include/c++/13/backward
 /opt/rh/gcc-toolset-13/root/usr/lib/gcc/x86_64-redhat-linux/13/include
 /usr/local/include
 /opt/rh/gcc-toolset-13/root/usr/include
 /usr/include
End of search list.
Compiler executable checksum: 6eaef1db9e0dd3db4afd4c31a0de6ae1
COLLECT_GCC_OPTIONS='-D' 'QT_QML_DEBUG' '-v' '-o' 'CMakeFiles/cmTC_4a237.dir/CMakeCXXCompilerABI.cpp.o' '-c' '-shared-libgcc' '-mtune=generic' '-march=x86-64-v2' '-dumpdir' 'CMakeFiles/cmTC_4a237.dir/'
 /opt/rh/gcc-toolset-13/root/usr/libexec/gcc/x86_64-redhat-linux/13/as -v --64 -o CMakeFiles/cmTC_4a237.dir/CMakeCXXCompilerABI.cpp.o /tmp/ccYnUyl3.s
GNU assembler version 2.40 (x86_64-redhat-linux) using BFD version version 2.40-21.el9
COMPILER_PATH=/opt/rh/gcc-toolset-13/root/usr/libexec/gcc/x86_64-redhat-linux/13/:/opt/rh/gcc-toolset-13/root/usr/libexec/gcc/x86_64-redhat-linux/13/:/opt/rh/gcc-toolset-13/root/usr/libexec/gcc/x86_64-redhat-linux/:/opt/rh/gcc-toolset-13/root/usr/lib/gcc/x86_64-redhat-linux/13/:/opt/rh/gcc-toolset-13/root/usr/lib/gcc/x86_64-redhat-linux/
LIBRARY_PATH=/opt/rh/gcc-toolset-13/root/usr/lib/gcc/x86_64-redhat-linux/13/:/opt/rh/gcc-toolset-13/root/usr/lib/gcc/x86_64-redhat-linux/13/../../../../lib64/:/lib/../lib64/:/usr/lib/../lib64/:/opt/rh/gcc-toolset-13/root/usr/lib/gcc/x86_64-redhat-linux/13/../../../:/lib/:/usr/lib/
COLLECT_GCC_OPTIONS='-D' 'QT_QML_DEBUG' '-v' '-o' 'CMakeFiles/cmTC_4a237.dir/CMakeCXXCompilerABI.cpp.o' '-c' '-shared-libgcc' '-mtune=generic' '-march=x86-64-v2' '-dumpdir' 'CMakeFiles/cmTC_4a237.dir/CMakeCXXCompilerABI.cpp.'
[2/2] Linking CXX executable cmTC_4a237
Using built-in specs.
COLLECT_GCC=/opt/rh/gcc-toolset-13/root/usr/bin/g++
COLLECT_LTO_WRAPPER=/opt/rh/gcc-toolset-13/root/usr/libexec/gcc/x86_64-redhat-linux/13/lto-wrapper
OFFLOAD_TARGET_NAMES=nvptx-none
OFFLOAD_TARGET_DEFAULT=1
Target: x86_64-redhat-linux
Configured with: ../configure --enable-bootstrap --enable-languages=c,c++,fortran,lto --prefix=/opt/rh/gcc-toolset-13/root/usr --mandir=/opt/rh/gcc-toolset-13/root/usr/share/man --infodir=/opt/rh/gcc-toolset-13/root/usr/share/info --with-bugurl=http://bugzilla.redhat.com/bugzilla --enable-shared --enable-threads=posix --enable-checking=release --enable-multilib --with-system-zlib --enable-__cxa_atexit --disable-libunwind-exceptions --enable-gnu-unique-object --enable-linker-build-id --with-gcc-major-version-only --enable-libstdcxx-backtrace --with-libstdcxx-zoneinfo=/usr/share/zoneinfo --with-linker-hash-style=gnu --enable-plugin --enable-initfini-array --without-isl --enable-offload-targets=nvptx-none --without-cuda-driver --enable-offload-defaulted --enable-gnu-indirect-function --enable-cet --with-tune=generic --with-arch_64=x86-64-v2 --with-arch_32=x86-64 --build=x86_64-redhat-linux --with-build-config=bootstrap-lto --enable-link-serialization=1
Thread model: posix
Supported LTO compression algorithms: zlib zstd
gcc version 13.3.1 20240611 (Red Hat 13.3.1-2) (GCC) 
COMPILER_PATH=/opt/rh/gcc-toolset-13/root/usr/libexec/gcc/x86_64-redhat-linux/13/:/opt/rh/gcc-toolset-13/root/usr/libexec/gcc/x86_64-redhat-linux/13/:/opt/rh/gcc-toolset-13/root/usr/libexec/gcc/x86_64-redhat-linux/:/opt/rh/gcc-toolset-13/root/usr/lib/gcc/x86_64-redhat-linux/13/:/opt/rh/gcc-toolset-13/root/usr/lib/gcc/x86_64-redhat-linux/
LIBRARY_PATH=/opt/rh/gcc-toolset-13/root/usr/lib/gcc/x86_64-redhat-linux/13/:/opt/rh/gcc-toolset-13/root/usr/lib/gcc/x86_64-redhat-linux/13/../../../../lib64/:/lib/../lib64/:/usr/lib/../lib64/:/opt/rh/gcc-toolset-13/root/usr/lib/gcc/x86_64-redhat-linux/13/../../../:/lib/:/usr/lib/
COLLECT_GCC_OPTIONS='-D' 'QT_QML_DEBUG' '-v' '-o' 'cmTC_4a237' '-shared-libgcc' '-mtune=generic' '-march=x86-64-v2' '-dumpdir' 'cmTC_4a237.'
 /opt/rh/gcc-toolset-13/root/usr/libexec/gcc/x86_64-redhat-linux/13/collect2 -plugin /opt/rh/gcc-toolset-13/root/usr/libexec/gcc/x86_64-redhat-linux/13/liblto_plugin.so -plugin-opt=/opt/rh/gcc-toolset-13/root/usr/libexec/gcc/x86_64-redhat-linux/13/lto-wrapper -plugin-opt=-fresolution=/tmp/cccJV4zd.res -plugin-opt=-pass-through=-lgcc_s -plugin-opt=-pass-through=-lgcc -plugin-opt=-pass-through=-lc -plugin-opt=-pass-through=-lgcc_s -plugin-opt=-pass-through=-lgcc --build-id --no-add-needed --eh-frame-hdr --hash-style=gnu -m elf_x86_64 -dynamic-linker /lib64/ld-linux-x86-64.so.2 -o cmTC_4a237 /lib/../lib64/crt1.o /lib/../lib64/crti.o /opt/rh/gcc-toolset-13/root/usr/lib/gcc/x86_64-redhat-linux/13/crtbegin.o -L/opt/rh/gcc-toolset-13/root/usr/lib/gcc/x86_64-redhat-linux/13 -L/opt/rh/gcc-toolset-13/root/usr/lib/gcc/x86_64-redhat-linux/13/../../../../lib64 -L/lib/../lib64 -L/usr/lib/../lib64 -L/opt/rh/gcc-toolset-13/root/usr/lib/gcc/x86_64-redhat-linux/13/../../.. CMakeFiles/cmTC_4a237.dir/CMakeCXXCompilerABI.cpp.o -lstdc++ -lm -lgcc_s -lgcc -lc -lgcc_s -lgcc /opt/rh/gcc-toolset-13/root/usr/lib/gcc/x86_64-redhat-linux/13/crtend.o /lib/../lib64/crtn.o
COLLECT_GCC_OPTIONS='-D' 'QT_QML_DEBUG' '-v' '-o' 'cmTC_4a237' '-shared-libgcc' '-mtune=generic' '-march=x86-64-v2' '-dumpdir' 'cmTC_4a237.'



Parsed CXX implicit include dir info from above output: rv=done
  found start of include info
  found start of implicit include info
    add: [/opt/rh/gcc-toolset-13/root/usr/lib/gcc/x86_64-redhat-linux/13/../../../../include/c++/13]
    add: [/opt/rh/gcc-toolset-13/root/usr/lib/gcc/x86_64-redhat-linux/13/../../../../include/c++/13/x86_64-redhat-linux]
    add: [/opt/rh/gcc-toolset-13/root/usr/lib/gcc/x86_64-redhat-linux/13/../../../../include/c++/13/backward]
    add: [/opt/rh/gcc-toolset-13/root/usr/lib/gcc/x86_64-redhat-linux/13/include]
    add: [/usr/local/include]
    add: [/opt/rh/gcc-toolset-13/root/usr/include]
    add: [/usr/include]
  end of search list found
  collapse include dir [/opt/rh/gcc-toolset-13/root/usr/lib/gcc/x86_64-redhat-linux/13/../../../../include/c++/13] ==> [/opt/rh/gcc-toolset-13/root/usr/include/c++/13]
  collapse include dir [/opt/rh/gcc-toolset-13/root/usr/lib/gcc/x86_64-redhat-linux/13/../../../../include/c++/13/x86_64-redhat-linux] ==> [/opt/rh/gcc-toolset-13/root/usr/include/c++/13/x86_64-redhat-linux]
  collapse include dir [/opt/rh/gcc-toolset-13/root/usr/lib/gcc/x86_64-redhat-linux/13/../../../../include/c++/13/backward] ==> [/opt/rh/gcc-toolset-13/root/usr/include/c++/13/backward]
  collapse include dir [/opt/rh/gcc-toolset-13/root/usr/lib/gcc/x86_64-redhat-linux/13/include] ==> [/opt/rh/gcc-toolset-13/root/usr/lib/gcc/x86_64-redhat-linux/13/include]
  collapse include dir [/usr/local/include] ==> [/usr/local/include]
  collapse include dir [/opt/rh/gcc-toolset-13/root/usr/include] ==> [/opt/rh/gcc-toolset-13/root/usr/include]
  collapse include dir [/usr/include] ==> [/usr/include]
  implicit include dirs: [/opt/rh/gcc-toolset-13/root/usr/include/c++/13;/opt/rh/gcc-toolset-13/root/usr/include/c++/13/x86_64-redhat-linux;/opt/rh/gcc-toolset-13/root/usr/include/c++/13/backward;/opt/rh/gcc-toolset-13/root/usr/lib/gcc/x86_64-redhat-linux/13/include;/usr/local/include;/opt/rh/gcc-toolset-13/root/usr/include;/usr/include]


Parsed CXX implicit link information from above output:
  link line regex: [^( *|.*[/\])(ld|CMAKE_LINK_STARTFILE-NOTFOUND|([^/\]+-)?ld|collect2)[^/\]*( |$)]
  ignore line: [Change Dir: /home/blindados/gestion-excursiones/build/Desktop_Qt_6_7_2-Debug/CMakeFiles/CMakeTmp]
  ignore line: []
  ignore line: [Run Build Command(s):/usr/bin/ninja-build cmTC_4a237 && [1/2] Building CXX object CMakeFiles/cmTC_4a237.dir/CMakeCXXCompilerABI.cpp.o]
  ignore line: [Using built-in specs.]
  ignore line: [COLLECT_GCC=/opt/rh/gcc-toolset-13/root/usr/bin/g++]
  ignore line: [OFFLOAD_TARGET_NAMES=nvptx-none]
  ignore line: [OFFLOAD_TARGET_DEFAULT=1]
  ignore line: [Target: x86_64-redhat-linux]
  ignore line: [Configured with: ../configure --enable-bootstrap --enable-languages=c c++ fortran lto --prefix=/opt/rh/gcc-toolset-13/root/usr --mandir=/opt/rh/gcc-toolset-13/root/usr/share/man --infodir=/opt/rh/gcc-toolset-13/root/usr/share/info --with-bugurl=http://bugzilla.redhat.com/bugzilla --enable-shared --enable-threads=posix --enable-checking=release --enable-multilib --with-system-zlib --enable-__cxa_atexit --disable-libunwind-exceptions --enable-gnu-unique-object --enable-linker-build-id --with-gcc-major-version-only --enable-libstdcxx-backtrace --with-libstdcxx-zoneinfo=/usr/share/zoneinfo --with-linker-hash-style=gnu --enable-plugin --enable-initfini-array --without-isl --enable-offload-targets=nvptx-none --without-cuda-driver --enable-offload-defaulted --enable-gnu-indirect-function --enable-cet --with-tune=generic --with-arch_64=x86-64-v2 --with-arch_32=x86-64 --build=x86_64-redhat-linux --with-build-config=bootstrap-lto --enable-link-serialization=1]
  ignore line: [Thread model: posix]
  ignore line: [Supported LTO compression algorithms: zlib zstd]
  ignore line: [gcc version 13.3.1 20240611 (Red Hat 13.3.1-2) (GCC) ]
  ignore line: [COLLECT_GCC_OPTIONS='-D' 'QT_QML_DEBUG' '-v' '-o' 'CMakeFiles/cmTC_4a237.dir/CMakeCXXCompilerABI.cpp.o' '-c' '-shared-libgcc' '-mtune=generic' '-march=x86-64-v2' '-dumpdir' 'CMakeFiles/cmTC_4a237.dir/']
  ignore line: [ /opt/rh/gcc-toolset-13/root/usr/libexec/gcc/x86_64-redhat-linux/13/cc1plus -quiet -v -D_GNU_SOURCE -D QT_QML_DEBUG /opt/devtools/cmake/share/cmake-3.21/Modules/CMakeCXXCompilerABI.cpp -quiet -dumpdir CMakeFiles/cmTC_4a237.dir/ -dumpbase CMakeCXXCompilerABI.cpp.cpp -dumpbase-ext .cpp -mtune=generic -march=x86-64-v2 -version -o /tmp/ccYnUyl3.s]
  ignore line: [GNU C++17 (GCC) version 13.3.1 20240611 (Red Hat 13.3.1-2) (x86_64-redhat-linux)]
  ignore line: [	compiled by GNU C version 13.3.1 20240611 (Red Hat 13.3.1-2)  GMP version 6.2.0  MPFR version 4.1.0-p9  MPC version 1.2.1  isl version none]
  ignore line: [GGC heuristics: --param ggc-min-expand=100 --param ggc-min-heapsize=131072]
  ignore line: [ignoring nonexistent directory "/opt/rh/gcc-toolset-13/root/usr/lib/gcc/x86_64-redhat-linux/13/include-fixed"]
  ignore line: [ignoring nonexistent directory "/opt/rh/gcc-toolset-13/root/usr/lib/gcc/x86_64-redhat-linux/13/../../../../x86_64-redhat-linux/include"]
  ignore line: [#include "..." search starts here:]
  ignore line: [#include <...> search starts here:]
  ignore line: [ /opt/rh/gcc-toolset-13/root/usr/lib/gcc/x86_64-redhat-linux/13/../../../../include/c++/13]
  ignore line: [ /opt/rh/gcc-toolset-13/root/usr/lib/gcc/x86_64-redhat-linux/13/../../../../include/c++/13/x86_64-redhat-linux]
  ignore line: [ /opt/rh/gcc-toolset-13/root/usr/lib/gcc/x86_64-redhat-linux/13/../../../../include/c++/13/backward]
  ignore line: [ /opt/rh/gcc-toolset-13/root/usr/lib/gcc/x86_64-redhat-linux/13/include]
  ignore line: [ /usr/local/include]
  ignore line: [ /opt/rh/gcc-toolset-13/root/usr/include]
  ignore line: [ /usr/include]
  ignore line: [End of search list.]
  ignore line: [Compiler executable checksum: 6eaef1db9e0dd3db4afd4c31a0de6ae1]
  ignore line: [COLLECT_GCC_OPTIONS='-D' 'QT_QML_DEBUG' '-v' '-o' 'CMakeFiles/cmTC_4a237.dir/CMakeCXXCompilerABI.cpp.o' '-c' '-shared-libgcc' '-mtune=generic' '-march=x86-64-v2' '-dumpdir' 'CMakeFiles/cmTC_4a237.dir/']
  ignore line: [ /opt/rh/gcc-toolset-13/root/usr/libexec/gcc/x86_64-redhat-linux/13/as -v --64 -o CMakeFiles/cmTC_4a237.dir/CMakeCXXCompilerABI.cpp.o /tmp/ccYnUyl3.s]
  ignore line: [GNU assembler version 2.40 (x86_64-redhat-linux) using BFD version version 2.40-21.el9]
  ignore line: [COMPILER_PATH=/opt/rh/gcc-toolset-13/root/usr/libexec/gcc/x86_64-redhat-linux/13/:/opt/rh/gcc-toolset-13/root/usr/libexec/gcc/x86_64-redhat-linux/13/:/opt/rh/gcc-toolset-13/root/usr/libexec/gcc/x86_64-redhat-linux/:/opt/rh/gcc-toolset-13/root/usr/lib/gcc/x86_64-redhat-linux/13/:/opt/rh/gcc-toolset-13/root/usr/lib/gcc/x86_64-redhat-linux/]
  ignore line: [LIBRARY_PATH=/opt/rh/gcc-toolset-13/root/usr/lib/gcc/x86_64-redhat-linux/13/:/opt/rh/gcc-toolset-13/root/usr/lib/gcc/x86_64-redhat-linux/13/../../../../lib64/:/lib/../lib64/:/usr/lib/../lib64/:/opt/rh/gcc-toolset-13/root/usr/lib/gcc/x86_64-redhat-linux/13/../../../:/lib/:/usr/lib/]
  ignore line: [COLLECT_GCC_OPTIONS='-D' 'QT_QML_DEBUG' '-v' '-o' 'CMakeFiles/cmTC_4a237.dir/CMakeCXXCompilerABI.cpp.o' '-c' '-shared-libgcc' '-mtune=generic' '-march=x86-64-v2' '-dumpdir' 'CMakeFiles/cmTC_4a237.dir/CMakeCXXCompilerABI.cpp.']
  ignore line: [[2/2] Linking CXX executable cmTC_4a237]
  ignore line: [Using built-in specs.]
  ignore line: [COLLECT_GCC=/opt/rh/gcc-toolset-13/root/usr/bin/g++]
  ignore line: [COLLECT_LTO_WRAPPER=/opt/rh/gcc-toolset-13/root/usr/libexec/gcc/x86_64-redhat-linux/13/lto-wrapper]
  ignore line: [OFFLOAD_TARGET_NAMES=nvptx-none]
  ignore line: [OFFLOAD_TARGET_DEFAULT=1]
  ignore line: [Target: x86_64-redhat-linux]
  ignore line: [Configured with: ../configure --enable-bootstrap --enable-languages=c c++ fortran lto --prefix=/opt/rh/gcc-toolset-13/root/usr --mandir=/opt/rh/gcc-toolset-13/root/usr/share/man --infodir=/opt/rh/gcc-toolset-13/root/usr/share/info --with-bugurl=http://bugzilla.redhat.com/bugzilla --enable-shared --enable-threads=posix --enable-checking=release --enable-multilib --with-system-zlib --enable-__cxa_atexit --disable-libunwind-exceptions --enable-gnu-unique-object --enable-linker-build-id --with-gcc-major-version-only --enable-libstdcxx-backtrace --with-libstdcxx-zoneinfo=/usr/share/zoneinfo --with-linker-hash-style=gnu --enable-plugin --enable-initfini-array --without-isl --enable-offload-targets=nvptx-none --without-cuda-driver --enable-offload-defaulted --enable-gnu-indirect-function --enable-cet --with-tune=generic --with-arch_64=x86-64-v2 --with-arch_32=x86-64 --build=x86_64-redhat-linux --with-build-config=bootstrap-lto --enable-link-serialization=1]
  ignore line: [Thread model: posix]
  ignore line: [Supported LTO compression algorithms: zlib zstd]
  ignore line: [gcc version 13.3.1 20240611 (Red Hat 13.3.1-2) (GCC) ]
  ignore line: [COMPILER_PATH=/opt/rh/gcc-toolset-13/root/usr/libexec/gcc/x86_64-redhat-linux/13/:/opt/rh/gcc-toolset-13/root/usr/libexec/gcc/x86_64-redhat-linux/13/:/opt/rh/gcc-toolset-13/root/usr/libexec/gcc/x86_64-redhat-linux/:/opt/rh/gcc-toolset-13/root/usr/lib/gcc/x86_64-redhat-linux/13/:/opt/rh/gcc-toolset-13/root/usr/lib/gcc/x86_64-redhat-linux/]
  ignore line: [LIBRARY_PATH=/opt/rh/gcc-toolset-13/root/usr/lib/gcc/x86_64-redhat-linux/13/:/opt/rh/gcc-toolset-13/root/usr/lib/gcc/x86_64-redhat-linux/13/../../../../lib64/:/lib/../lib64/:/usr/lib/../lib64/:/opt/rh/gcc-toolset-13/root/usr/lib/gcc/x86_64-redhat-linux/13/../../../:/lib/:/usr/lib/]
  ignore line: [COLLECT_GCC_OPTIONS='-D' 'QT_QML_DEBUG' '-v' '-o' 'cmTC_4a237' '-shared-libgcc' '-mtune=generic' '-march=x86-64-v2' '-dumpdir' 'cmTC_4a237.']
  link line: [ /opt/rh/gcc-toolset-13/root/usr/libexec/gcc/x86_64-redhat-linux/13/collect2 -plugin /opt/rh/gcc-toolset-13/root/usr/libexec/gcc/x86_64-redhat-linux/13/liblto_plugin.so -plugin-opt=/opt/rh/gcc-toolset-13/root/usr/libexec/gcc/x86_64-redhat-linux/13/lto-wrapper -plugin-opt=-fresolution=/tmp/cccJV4zd.res -plugin-opt=-pass-through=-lgcc_s -plugin-opt=-pass-through=-lgcc -plugin-opt=-pass-through=-lc -plugin-opt=-pass-through=-lgcc_s -plugin-opt=-pass-through=-lgcc --build-id --no-add-needed --eh-frame-hdr --hash-style=gnu -m elf_x86_64 -dynamic-linker /lib64/ld-linux-x86-64.so.2 -o cmTC_4a237 /lib/../lib64/crt1.o /lib/../lib64/crti.o /opt/rh/gcc-toolset-13/root/usr/lib/gcc/x86_64-redhat-linux/13/crtbegin.o -L/opt/rh/gcc-toolset-13/root/usr/lib/gcc/x86_64-redhat-linux/13 -L/opt/rh/gcc-toolset-13/root/usr/lib/gcc/x86_64-redhat-linux/13/../../../../lib64 -L/lib/../lib64 -L/usr/lib/../lib64 -L/opt/rh/gcc-toolset-13/root/usr/lib/gcc/x86_64-redhat-linux/13/../../.. CMakeFiles/cmTC_4a237.dir/CMakeCXXCompilerABI.cpp.o -lstdc++ -lm -lgcc_s -lgcc -lc -lgcc_s -lgcc /opt/rh/gcc-toolset-13/root/usr/lib/gcc/x86_64-redhat-linux/13/crtend.o /lib/../lib64/crtn.o]
    arg [/opt/rh/gcc-toolset-13/root/usr/libexec/gcc/x86_64-redhat-linux/13/collect2] ==> ignore
    arg [-plugin] ==> ignore
    arg [/opt/rh/gcc-toolset-13/root/usr/libexec/gcc/x86_64-redhat-linux/13/liblto_plugin.so] ==> ignore
    arg [-plugin-opt=/opt/rh/gcc-toolset-13/root/usr/libexec/gcc/x86_64-redhat-linux/13/lto-wrapper] ==> ignore
    arg [-plugin-opt=-fresolution=/tmp/cccJV4zd.res] ==> ignore
    arg [-plugin-opt=-pass-through=-lgcc_s] ==> ignore
    arg [-plugin-opt=-pass-through=-lgcc] ==> ignore
    arg [-plugin-opt=-pass-through=-lc] ==> ignore
    arg [-plugin-opt=-pass-through=-lgcc_s] ==> ignore
    arg [-plugin-opt=-pass-through=-lgcc] ==> ignore
    arg [--build-id] ==> ignore
    arg [--no-add-needed] ==> ignore
    arg [--eh-frame-hdr] ==> ignore
    arg [--hash-style=gnu] ==> ignore
    arg [-m] ==> ignore
    arg [elf_x86_64] ==> ignore
    arg [-dynamic-linker] ==> ignore
    arg [/lib64/ld-linux-x86-64.so.2] ==> ignore
    arg [-o] ==> ignore
    arg [cmTC_4a237] ==> ignore
    arg [/lib/../lib64/crt1.o] ==> obj [/lib/../lib64/crt1.o]
    arg [/lib/../lib64/crti.o] ==> obj [/lib/../lib64/crti.o]
    arg [/opt/rh/gcc-toolset-13/root/usr/lib/gcc/x86_64-redhat-linux/13/crtbegin.o] ==> obj [/opt/rh/gcc-toolset-13/root/usr/lib/gcc/x86_64-redhat-linux/13/crtbegin.o]
    arg [-L/opt/rh/gcc-toolset-13/root/usr/lib/gcc/x86_64-redhat-linux/13] ==> dir [/opt/rh/gcc-toolset-13/root/usr/lib/gcc/x86_64-redhat-linux/13]
    arg [-L/opt/rh/gcc-toolset-13/root/usr/lib/gcc/x86_64-redhat-linux/13/../../../../lib64] ==> dir [/opt/rh/gcc-toolset-13/root/usr/lib/gcc/x86_64-redhat-linux/13/../../../../lib64]
    arg [-L/lib/../lib64] ==> dir [/lib/../lib64]
    arg [-L/usr/lib/../lib64] ==> dir [/usr/lib/../lib64]
    arg [-L/opt/rh/gcc-toolset-13/root/usr/lib/gcc/x86_64-redhat-linux/13/../../..] ==> dir [/opt/rh/gcc-toolset-13/root/usr/lib/gcc/x86_64-redhat-linux/13/../../..]
    arg [CMakeFiles/cmTC_4a237.dir/CMakeCXXCompilerABI.cpp.o] ==> ignore
    arg [-lstdc++] ==> lib [stdc++]
    arg [-lm] ==> lib [m]
    arg [-lgcc_s] ==> lib [gcc_s]
    arg [-lgcc] ==> lib [gcc]
    arg [-lc] ==> lib [c]
    arg [-lgcc_s] ==> lib [gcc_s]
    arg [-lgcc] ==> lib [gcc]
    arg [/opt/rh/gcc-toolset-13/root/usr/lib/gcc/x86_64-redhat-linux/13/crtend.o] ==> obj [/opt/rh/gcc-toolset-13/root/usr/lib/gcc/x86_64-redhat-linux/13/crtend.o]
    arg [/lib/../lib64/crtn.o] ==> obj [/lib/../lib64/crtn.o]
  collapse obj [/lib/../lib64/crt1.o] ==> [/lib64/crt1.o]
  collapse obj [/lib/../lib64/crti.o] ==> [/lib64/crti.o]
  collapse obj [/lib/../lib64/crtn.o] ==> [/lib64/crtn.o]
  collapse library dir [/opt/rh/gcc-toolset-13/root/usr/lib/gcc/x86_64-redhat-linux/13] ==> [/opt/rh/gcc-toolset-13/root/usr/lib/gcc/x86_64-redhat-linux/13]
  collapse library dir [/opt/rh/gcc-toolset-13/root/usr/lib/gcc/x86_64-redhat-linux/13/../../../../lib64] ==> [/opt/rh/gcc-toolset-13/root/usr/lib64]
  collapse library dir [/lib/../lib64] ==> [/lib64]
  collapse library dir [/usr/lib/../lib64] ==> [/usr/lib64]
  collapse library dir [/opt/rh/gcc-toolset-13/root/usr/lib/gcc/x86_64-redhat-linux/13/../../..] ==> [/opt/rh/gcc-toolset-13/root/usr/lib]
  implicit libs: [stdc++;m;gcc_s;gcc;c;gcc_s;gcc]
  implicit objs: [/lib64/crt1.o;/lib64/crti.o;/opt/rh/gcc-toolset-13/root/usr/lib/gcc/x86_64-redhat-linux/13/crtbegin.o;/opt/rh/gcc-toolset-13/root/usr/lib/gcc/x86_64-redhat-linux/13/crtend.o;/lib64/crtn.o]
  implicit dirs: [/opt/rh/gcc-toolset-13/root/usr/lib/gcc/x86_64-redhat-linux/13;/opt/rh/gcc-toolset-13/root/usr/lib64;/lib64;/usr/lib64;/opt/rh/gcc-toolset-13/root/usr/lib]
  implicit fwks: []


Determining if the include file pthread.h exists passed with the following output:
Change Dir: /home/blindados/gestion-excursiones/build/Desktop_Qt_6_7_2-Debug/CMakeFiles/CMakeTmp

Run Build Command(s):/usr/bin/ninja-build cmTC_ae8e7 && [1/2] Building CXX object CMakeFiles/cmTC_ae8e7.dir/CheckIncludeFile.cxx.o
[2/2] Linking CXX executable cmTC_ae8e7



Performing C++ SOURCE FILE Test CMAKE_HAVE_LIBC_PTHREAD succeeded with the following output:
Change Dir: /home/blindados/gestion-excursiones/build/Desktop_Qt_6_7_2-Debug/CMakeFiles/CMakeTmp

Run Build Command(s):/usr/bin/ninja-build cmTC_17733 && [1/2] Building CXX object CMakeFiles/cmTC_17733.dir/src.cxx.o
[2/2] Linking CXX executable cmTC_17733


Source file was:
#include <pthread.h>

static void* test_func(void* data)
{
  return data;
}

int main(void)
{
  pthread_t thread;
  pthread_create(&thread, NULL, test_func, NULL);
  pthread_detach(thread);
  pthread_cancel(thread);
  pthread_join(thread, NULL);
  pthread_atfork(NULL, NULL, NULL);
  pthread_exit(NULL);

  return 0;
}

Determining if the include file pthread.h exists passed with the following output:
Change Dir: /home/blindados/gestion-excursiones/build/Desktop_Qt_6_7_2-Debug/CMakeFiles/CMakeTmp

Run Build Command(s):/usr/bin/ninja-build cmTC_34327 && [1/2 65.8/sec] Building CXX object CMakeFiles/cmTC_34327.dir/CheckIncludeFile.cxx.o
[2/2 37.9/sec] Linking CXX executable cmTC_34327



Performing C++ SOURCE FILE Test CMAKE_HAVE_LIBC_PTHREAD succeeded with the following output:
Change Dir: /home/blindados/gestion-excursiones/build/Desktop_Qt_6_7_2-Debug/CMakeFiles/CMakeTmp

Run Build Command(s):/usr/bin/ninja-build cmTC_e65e5 && [1/2 60.7/sec] Building CXX object CMakeFiles/cmTC_e65e5.dir/src.cxx.o
[2/2 38.3/sec] Linking CXX executable cmTC_e65e5


Source file was:
#include <pthread.h>

static void* test_func(void* data)
{
  return data;
}

int main(void)
{
  pthread_t thread;
  pthread_create(&thread, NULL, test_func, NULL);
  pthread_detach(thread);
  pthread_cancel(thread);
  pthread_join(thread, NULL);
  pthread_atfork(NULL, NULL, NULL);
  pthread_exit(NULL);

  return 0;
}

